<?xml version="1.0" encoding="UTF-8"?>
<testng-results skipped="0" failed="0" ignored="0" total="2" passed="2">
  <reporter-output>
  </reporter-output>
  <suite name="Default suite" duration-ms="61585" started-at="2020-05-21T09:23:49Z" finished-at="2020-05-21T09:24:51Z">
    <groups>
    </groups>
    <test name="Default test" duration-ms="61585" started-at="2020-05-21T09:23:49Z" finished-at="2020-05-21T09:24:51Z">
      <class name="com.crm.qa.testcases.LoginPageTest">
        <test-method status="PASS" signature="setUp()[pri:0, instance:com.crm.qa.testcases.LoginPageTest@3f4d3d]" name="setUp" is-config="true" duration-ms="34222" started-at="2020-05-21T09:23:50Z" finished-at="2020-05-21T09:24:24Z">
          <reporter-output>
          </reporter-output>
        </test-method> <!-- setUp -->
        <test-method status="PASS" signature="loginPageTitleTest()[pri:1, instance:com.crm.qa.testcases.LoginPageTest@3f4d3d]" name="loginPageTitleTest" duration-ms="481" started-at="2020-05-21T09:24:24Z" finished-at="2020-05-21T09:24:24Z">
          <reporter-output>
          </reporter-output>
        </test-method> <!-- loginPageTitleTest -->
        <test-method status="PASS" signature="setUp()[pri:0, instance:com.crm.qa.testcases.LoginPageTest@3f4d3d]" name="setUp" is-config="true" duration-ms="24827" started-at="2020-05-21T09:24:24Z" finished-at="2020-05-21T09:24:49Z">
          <reporter-output>
          </reporter-output>
        </test-method> <!-- setUp -->
        <test-method status="PASS" signature="loginTest()[pri:2, instance:com.crm.qa.testcases.LoginPageTest@3f4d3d]" name="loginTest" duration-ms="1725" started-at="2020-05-21T09:24:49Z" finished-at="2020-05-21T09:24:51Z">
          <reporter-output>
          </reporter-output>
        </test-method> <!-- loginTest -->
      </class> <!-- com.crm.qa.testcases.LoginPageTest -->
    </test> <!-- Default test -->
  </suite> <!-- Default suite -->
</testng-results>
